{"name": "test_sort_higest_price", "status": "broken", "statusDetails": {"message": "selenium.common.exceptions.StaleElementReferenceException: Message: stale element reference: element is not attached to the page document\n  (Session info: chrome=110.0.5481.104)\nStacktrace:\nBacktrace:\n\t(No symbol) [0x004437D3]\n\t(No symbol) [0x003D8B81]\n\t(No symbol) [0x002DB36D]\n\t(No symbol) [0x002DE0FB]\n\t(No symbol) [0x002DDFD0]\n\t(No symbol) [0x002DE250]\n\t(No symbol) [0x00308950]\n\t(No symbol) [0x0032B41C]\n\t(No symbol) [0x00302B96]\n\t(No symbol) [0x0032B774]\n\t(No symbol) [0x00341215]\n\t(No symbol) [0x0032B216]\n\t(No symbol) [0x00300D97]\n\t(No symbol) [0x0030253D]\n\tGetHandleVerifier [0x006BABF2+2510930]\n\tGetHandleVerifier [0x006E8EC1+2700065]\n\tGetHandleVerifier [0x006EC86C+2714828]\n\tGetHandleVerifier [0x004F3480+645344]\n\t(No symbol) [0x003E0FD2]\n\t(No symbol) [0x003E6C68]\n\t(No symbol) [0x003E6D4B]\n\t(No symbol) [0x003F0D6B]\n\tBaseThreadInitThunk [0x752C00F9+25]\n\tRtlGetAppContainerNamedObjectPath [0x76F87BBE+286]\n\tRtlGetAppContainerNamedObjectPath [0x76F87B8E+238]", "trace": "self = <Web.Test.test_canabis.Test_canabis object at 0x0000016D5D0CF130>\n\n    @allure.description('Test if the sort with highest price')\n    @allure.severity(allure.severity_level.NORMAL)\n    @pytest.mark.regression\n    def test_sort_higest_price(self):\n        lowest = Canabis_page(self)\n        lowest.open_trado()\n        lowest.click_option1()\n        lowest.click_option2()\n        lowest.click_save_button()\n        lowest.click_on_canabis_page()\n        lowest.sort_by_highest_price()\n>       assertion_text = lowest.highest_price_assertion\n\ntest_canabis.py:50: \n_ _ _ _ _ _ _ _ _ _ _ _ _ _ _ _ _ _ _ _ _ _ _ _ _ _ _ _ _ _ _ _ _ _ _ _ _ _ _ _ _ _ _ _ _ _ _ _ _ _ _ _ _ _ _ _ _ _ _ _ _ _ _ _ _ _ _ _ _ _ _ _ _ _ _ _ _ _ _ _ _ _ _ _ _ _ _ _ _ _ _ _ _ _ _ _ _ _ _ _ _ _ _ _ _ _ _ _ _ _ _ _ _ _ _ _\n..\\Page\\canabis_page.py:144: in highest_price_assertion\n    return self.driver.find_element(By.XPATH, \"//span[contains(text(),'2290.00₪')]\").text\n..\\..\\venv\\lib\\site-packages\\selenium\\webdriver\\remote\\webelement.py:89: in text\n    return self._execute(Command.GET_ELEMENT_TEXT)[\"value\"]\n..\\..\\venv\\lib\\site-packages\\selenium\\webdriver\\remote\\webelement.py:403: in _execute\n    return self._parent.execute(command, params)\n..\\..\\venv\\lib\\site-packages\\selenium\\webdriver\\remote\\webdriver.py:440: in execute\n    self.error_handler.check_response(response)\n_ _ _ _ _ _ _ _ _ _ _ _ _ _ _ _ _ _ _ _ _ _ _ _ _ _ _ _ _ _ _ _ _ _ _ _ _ _ _ _ _ _ _ _ _ _ _ _ _ _ _ _ _ _ _ _ _ _ _ _ _ _ _ _ _ _ _ _ _ _ _ _ _ _ _ _ _ _ _ _ _ _ _ _ _ _ _ _ _ _ _ _ _ _ _ _ _ _ _ _ _ _ _ _ _ _ _ _ _ _ _ _ _ _ _ _\n\nself = <selenium.webdriver.remote.errorhandler.ErrorHandler object at 0x0000016D5DFFEC10>\nresponse = {'status': 404, 'value': '{\"value\":{\"error\":\"stale element reference\",\"message\":\"stale element reference: element is n...\\n\\\\tRtlGetAppContainerNamedObjectPath [0x76F87BBE+286]\\\\n\\\\tRtlGetAppContainerNamedObjectPath [0x76F87B8E+238]\\\\n\"}}'}\n\n    def check_response(self, response: Dict[str, Any]) -> None:\n        \"\"\"Checks that a JSON response from the WebDriver does not have an\n        error.\n    \n        :Args:\n         - response - The JSON response from the WebDriver server as a dictionary\n           object.\n    \n        :Raises: If the response contains an error message.\n        \"\"\"\n        status = response.get(\"status\", None)\n        if not status or status == ErrorCode.SUCCESS:\n            return\n        value = None\n        message = response.get(\"message\", \"\")\n        screen: str = response.get(\"screen\", \"\")\n        stacktrace = None\n        if isinstance(status, int):\n            value_json = response.get(\"value\", None)\n            if value_json and isinstance(value_json, str):\n                import json\n    \n                try:\n                    value = json.loads(value_json)\n                    if len(value.keys()) == 1:\n                        value = value[\"value\"]\n                    status = value.get(\"error\", None)\n                    if not status:\n                        status = value.get(\"status\", ErrorCode.UNKNOWN_ERROR)\n                        message = value.get(\"value\") or value.get(\"message\")\n                        if not isinstance(message, str):\n                            value = message\n                            message = message.get(\"message\")\n                    else:\n                        message = value.get(\"message\", None)\n                except ValueError:\n                    pass\n    \n        exception_class: Type[WebDriverException]\n        if status in ErrorCode.NO_SUCH_ELEMENT:\n            exception_class = NoSuchElementException\n        elif status in ErrorCode.NO_SUCH_FRAME:\n            exception_class = NoSuchFrameException\n        elif status in ErrorCode.NO_SUCH_SHADOW_ROOT:\n            exception_class = NoSuchShadowRootException\n        elif status in ErrorCode.NO_SUCH_WINDOW:\n            exception_class = NoSuchWindowException\n        elif status in ErrorCode.STALE_ELEMENT_REFERENCE:\n            exception_class = StaleElementReferenceException\n        elif status in ErrorCode.ELEMENT_NOT_VISIBLE:\n            exception_class = ElementNotVisibleException\n        elif status in ErrorCode.INVALID_ELEMENT_STATE:\n            exception_class = InvalidElementStateException\n        elif (\n            status in ErrorCode.INVALID_SELECTOR\n            or status in ErrorCode.INVALID_XPATH_SELECTOR\n            or status in ErrorCode.INVALID_XPATH_SELECTOR_RETURN_TYPER\n        ):\n            exception_class = InvalidSelectorException\n        elif status in ErrorCode.ELEMENT_IS_NOT_SELECTABLE:\n            exception_class = ElementNotSelectableException\n        elif status in ErrorCode.ELEMENT_NOT_INTERACTABLE:\n            exception_class = ElementNotInteractableException\n        elif status in ErrorCode.INVALID_COOKIE_DOMAIN:\n            exception_class = InvalidCookieDomainException\n        elif status in ErrorCode.UNABLE_TO_SET_COOKIE:\n            exception_class = UnableToSetCookieException\n        elif status in ErrorCode.TIMEOUT:\n            exception_class = TimeoutException\n        elif status in ErrorCode.SCRIPT_TIMEOUT:\n            exception_class = TimeoutException\n        elif status in ErrorCode.UNKNOWN_ERROR:\n            exception_class = WebDriverException\n        elif status in ErrorCode.UNEXPECTED_ALERT_OPEN:\n            exception_class = UnexpectedAlertPresentException\n        elif status in ErrorCode.NO_ALERT_OPEN:\n            exception_class = NoAlertPresentException\n        elif status in ErrorCode.IME_NOT_AVAILABLE:\n            exception_class = ImeNotAvailableException\n        elif status in ErrorCode.IME_ENGINE_ACTIVATION_FAILED:\n            exception_class = ImeActivationFailedException\n        elif status in ErrorCode.MOVE_TARGET_OUT_OF_BOUNDS:\n            exception_class = MoveTargetOutOfBoundsException\n        elif status in ErrorCode.JAVASCRIPT_ERROR:\n            exception_class = JavascriptException\n        elif status in ErrorCode.SESSION_NOT_CREATED:\n            exception_class = SessionNotCreatedException\n        elif status in ErrorCode.INVALID_ARGUMENT:\n            exception_class = InvalidArgumentException\n        elif status in ErrorCode.NO_SUCH_COOKIE:\n            exception_class = NoSuchCookieException\n        elif status in ErrorCode.UNABLE_TO_CAPTURE_SCREEN:\n            exception_class = ScreenshotException\n        elif status in ErrorCode.ELEMENT_CLICK_INTERCEPTED:\n            exception_class = ElementClickInterceptedException\n        elif status in ErrorCode.INSECURE_CERTIFICATE:\n            exception_class = InsecureCertificateException\n        elif status in ErrorCode.INVALID_COORDINATES:\n            exception_class = InvalidCoordinatesException\n        elif status in ErrorCode.INVALID_SESSION_ID:\n            exception_class = InvalidSessionIdException\n        elif status in ErrorCode.UNKNOWN_METHOD:\n            exception_class = UnknownMethodException\n        else:\n            exception_class = WebDriverException\n        if not value:\n            value = response[\"value\"]\n        if isinstance(value, str):\n            raise exception_class(value)\n        if message == \"\" and \"message\" in value:\n            message = value[\"message\"]\n    \n        screen = None  # type: ignore[assignment]\n        if \"screen\" in value:\n            screen = value[\"screen\"]\n    \n        stacktrace = None\n        st_value = value.get(\"stackTrace\") or value.get(\"stacktrace\")\n        if st_value:\n            if isinstance(st_value, str):\n                stacktrace = st_value.split(\"\\n\")\n            else:\n                stacktrace = []\n                try:\n                    for frame in st_value:\n                        line = frame.get(\"lineNumber\", \"\")\n                        file = frame.get(\"fileName\", \"<anonymous>\")\n                        if line:\n                            file = f\"{file}:{line}\"\n                        meth = frame.get(\"methodName\", \"<anonymous>\")\n                        if \"className\" in frame:\n                            meth = f\"{frame['className']}.{meth}\"\n                        msg = \"    at %s (%s)\"\n                        msg = msg % (meth, file)\n                        stacktrace.append(msg)\n                except TypeError:\n                    pass\n        if exception_class == UnexpectedAlertPresentException:\n            alert_text = None\n            if \"data\" in value:\n                alert_text = value[\"data\"].get(\"text\")\n            elif \"alert\" in value:\n                alert_text = value[\"alert\"].get(\"text\")\n            raise exception_class(message, screen, stacktrace, alert_text)  # type: ignore[call-arg]  # mypy is not smart enough here\n>       raise exception_class(message, screen, stacktrace)\nE       selenium.common.exceptions.StaleElementReferenceException: Message: stale element reference: element is not attached to the page document\nE         (Session info: chrome=110.0.5481.104)\nE       Stacktrace:\nE       Backtrace:\nE       \t(No symbol) [0x004437D3]\nE       \t(No symbol) [0x003D8B81]\nE       \t(No symbol) [0x002DB36D]\nE       \t(No symbol) [0x002DE0FB]\nE       \t(No symbol) [0x002DDFD0]\nE       \t(No symbol) [0x002DE250]\nE       \t(No symbol) [0x00308950]\nE       \t(No symbol) [0x0032B41C]\nE       \t(No symbol) [0x00302B96]\nE       \t(No symbol) [0x0032B774]\nE       \t(No symbol) [0x00341215]\nE       \t(No symbol) [0x0032B216]\nE       \t(No symbol) [0x00300D97]\nE       \t(No symbol) [0x0030253D]\nE       \tGetHandleVerifier [0x006BABF2+2510930]\nE       \tGetHandleVerifier [0x006E8EC1+2700065]\nE       \tGetHandleVerifier [0x006EC86C+2714828]\nE       \tGetHandleVerifier [0x004F3480+645344]\nE       \t(No symbol) [0x003E0FD2]\nE       \t(No symbol) [0x003E6C68]\nE       \t(No symbol) [0x003E6D4B]\nE       \t(No symbol) [0x003F0D6B]\nE       \tBaseThreadInitThunk [0x752C00F9+25]\nE       \tRtlGetAppContainerNamedObjectPath [0x76F87BBE+286]\nE       \tRtlGetAppContainerNamedObjectPath [0x76F87B8E+238]\n\n..\\..\\venv\\lib\\site-packages\\selenium\\webdriver\\remote\\errorhandler.py:245: StaleElementReferenceException"}, "description": "Test if the sort with highest price", "steps": [{"name": "open_trado", "status": "passed", "start": 1677013849194, "stop": 1677013858772}, {"name": "click_option1", "status": "passed", "start": 1677013858773, "stop": 1677013858838}, {"name": "click_option2", "status": "passed", "start": 1677013858838, "stop": 1677013858904}, {"name": "click_save_button", "status": "passed", "start": 1677013858904, "stop": 1677013859410}, {"name": "click_on_canabis_page", "status": "passed", "start": 1677013859410, "stop": 1677013859937}, {"name": "sort_by_highest_price", "status": "passed", "start": 1677013859937, "stop": 1677013860076}, {"name": "highest_price_assertion", "status": "broken", "statusDetails": {"message": "selenium.common.exceptions.StaleElementReferenceException: Message: stale element reference: element is not attached to the page document\n  (Session info: chrome=110.0.5481.104)\nStacktrace:\nBacktrace:\n\t(No symbol) [0x004437D3]\n\t(No symbol) [0x003D8B81]\n\t(No symbol) [0x002DB36D]\n\t(No symbol) [0x002DE0FB]\n\t(No symbol) [0x002DDFD0]\n\t(No symbol) [0x002DE250]\n\t(No symbol) [0x00308950]\n\t(No symbol) [0x0032B41C]\n\t(No symbol) [0x00302B96]\n\t(No symbol) [0x0032B774]\n\t(No symbol) [0x00341215]\n\t(No symbol) [0x0032B216]\n\t(No symbol) [0x00300D97]\n\t(No symbol) [0x0030253D]\n\tGetHandleVerifier [0x006BABF2+2510930]\n\tGetHandleVerifier [0x006E8EC1+2700065]\n\tGetHandleVerifier [0x006EC86C+2714828]\n\tGetHandleVerifier [0x004F3480+645344]\n\t(No symbol) [0x003E0FD2]\n\t(No symbol) [0x003E6C68]\n\t(No symbol) [0x003E6D4B]\n\t(No symbol) [0x003F0D6B]\n\tBaseThreadInitThunk [0x752C00F9+25]\n\tRtlGetAppContainerNamedObjectPath [0x76F87BBE+286]\n\tRtlGetAppContainerNamedObjectPath [0x76F87B8E+238]\n\n", "trace": "  File \"C:\\Users\\user\\PycharmProjects\\Trado_Commercial_Selenium_Project\\venv\\lib\\site-packages\\allure_commons\\_allure.py\", line 192, in impl\n    return func(*a, **kw)\n  File \"C:\\Users\\user\\PycharmProjects\\Trado_Commercial_Selenium_Project\\Web\\Page\\canabis_page.py\", line 144, in highest_price_assertion\n    return self.driver.find_element(By.XPATH, \"//span[contains(text(),'2290.00₪')]\").text\n  File \"C:\\Users\\user\\PycharmProjects\\Trado_Commercial_Selenium_Project\\venv\\lib\\site-packages\\selenium\\webdriver\\remote\\webelement.py\", line 89, in text\n    return self._execute(Command.GET_ELEMENT_TEXT)[\"value\"]\n  File \"C:\\Users\\user\\PycharmProjects\\Trado_Commercial_Selenium_Project\\venv\\lib\\site-packages\\selenium\\webdriver\\remote\\webelement.py\", line 403, in _execute\n    return self._parent.execute(command, params)\n  File \"C:\\Users\\user\\PycharmProjects\\Trado_Commercial_Selenium_Project\\venv\\lib\\site-packages\\selenium\\webdriver\\remote\\webdriver.py\", line 440, in execute\n    self.error_handler.check_response(response)\n  File \"C:\\Users\\user\\PycharmProjects\\Trado_Commercial_Selenium_Project\\venv\\lib\\site-packages\\selenium\\webdriver\\remote\\errorhandler.py\", line 245, in check_response\n    raise exception_class(message, screen, stacktrace)\n"}, "start": 1677013860076, "stop": 1677013860123}], "start": 1677013849193, "stop": 1677013860126, "uuid": "1fd4f8bc-3463-415d-8303-7d8b14d4237d", "historyId": "9e10bf3f7e2381e39993ac26d6357870", "testCaseId": "9c8a247c8e27b8817a8c390d36f05353", "fullName": "test_canabis.Test_canabis#test_sort_higest_price", "labels": [{"name": "severity", "value": "normal"}, {"name": "tag", "value": "regression"}, {"name": "suite", "value": "test_canabis"}, {"name": "subSuite", "value": "Test_canabis"}, {"name": "host", "value": "LAPTOP-CFNBSI63"}, {"name": "thread", "value": "18880-MainThread"}, {"name": "framework", "value": "pytest"}, {"name": "language", "value": "cpython3"}, {"name": "package", "value": "test_canabis"}]}