{"name": "test_sending_message_from_contact_us_page_without_filling_all_valid_credintials", "status": "failed", "statusDetails": {"message": "AssertionError", "trace": "self = <Web.Test.test_sales.Test_snack object at 0x0000016D5E075700>\n\n    @allure.description('test_sending_message_from_contact_us_page_without_filling_all_valid_credintials')\n    @allure.severity(allure.severity_level.CRITICAL)\n    @pytest.mark.sanity\n    def test_sending_message_from_contact_us_page_without_filling_all_valid_credintials(self):\n        sidebar = Sales_page(self)\n        sidebar.open_trado()\n        sidebar.click_option1()\n        sidebar.click_option2()\n        sidebar.click_save_button()\n        sidebar.click_for_contact_us_link()\n        sidebar.click_on_send_button()\n        sidebar.setting_gmail_contact_us(\"qwer\")\n>       sidebar.null_message_assertion()\n\ntest_sales.py:235: \n_ _ _ _ _ _ _ _ _ _ _ _ _ _ _ _ _ _ _ _ _ _ _ _ _ _ _ _ _ _ _ _ _ _ _ _ _ _ _ _ _ _ _ _ _ _ _ _ _ _ _ _ _ _ _ _ _ _ _ _ _ _ _ _ _ _ _ _ _ _ _ _ _ _ _ _ _ _ _ _ _ _ _ _ _ _ _ _ _ _ _ _ _ _ _ _ _ _ _ _ _ _ _ _ _ _ _ _ _ _ _ _ _ _ _ _\n\nself = <Web.Page.sales_page.Sales_page object at 0x0000016D5E1A1700>\n\n    def null_message_assertion(self):\n        assertion = self.driver.find_element(By.XPATH,\n                                             \"//body/div[@id='root']/div[1]/div[2]/div[2]/div[1]/div[2]/div[2]/form[1]/div[1]/div[1]/div[1]\").text\n>       assert \"נא למלא שדה זה\" == assertion\nE       AssertionError\n\n..\\Page\\sales_page.py:264: AssertionError"}, "description": "test_sending_message_from_contact_us_page_without_filling_all_valid_credintials", "steps": [{"name": "open_trado", "status": "passed", "start": 1677016564819, "stop": 1677016569466}, {"name": "click_option1", "status": "passed", "start": 1677016569467, "stop": 1677016569528}, {"name": "click_option2", "status": "passed", "start": 1677016569528, "stop": 1677016569578}, {"name": "click_save_button", "status": "passed", "start": 1677016569579, "stop": 1677016569961}], "start": 1677016564819, "stop": 1677016570352, "uuid": "e91a9407-6c58-40e1-a78f-360a74a3a829", "historyId": "e073f806385cd7ac7308e569d7f6558c", "testCaseId": "54a622d915ab9f8517fbfc7e7bead37c", "fullName": "test_sales.Test_snack#test_sending_message_from_contact_us_page_without_filling_all_valid_credintials", "labels": [{"name": "severity", "value": "critical"}, {"name": "tag", "value": "sanity"}, {"name": "suite", "value": "test_sales"}, {"name": "subSuite", "value": "Test_snack"}, {"name": "host", "value": "LAPTOP-CFNBSI63"}, {"name": "thread", "value": "18880-MainThread"}, {"name": "framework", "value": "pytest"}, {"name": "language", "value": "cpython3"}, {"name": "package", "value": "test_sales"}]}